<?xml version="1.0" encoding="UTF-8"?>
<!-- Generated by org.testng.reporters.JUnitReportReporter -->
<testsuite skipped="0" hostname="Jeys-MBP.home" name="Runner.MyRunner2" tests="1" failures="0" timestamp="2020-09-30T11:38:45 EDT" time="22.232" errors="0">
  <testcase name="feature" time="22.232" classname="Runner.MyRunner2"/>
</testsuite> <!-- Runner.MyRunner2 -->
